<?xml version="1.0" encoding="UTF-8"?>
<Site BuildName="(empty)"
	BuildStamp="20230929-1026-Experimental"
	Name="jonas-ubuntu"
	Generator="ctest-3.16.3"
	CompilerName="/usr/bin/c++"
	CompilerVersion="9.4.0"
	OSName="Linux"
	Hostname="jonas-ubuntu"
	OSRelease="5.15.0-83-generic"
	OSVersion="#92~20.04.1-Ubuntu SMP Mon Aug 21 14:00:49 UTC 2023"
	OSPlatform="x86_64"
	Is64Bits="1"
	VendorString="GenuineIntel"
	VendorID="Intel Corporation"
	FamilyID="6"
	ModelID="165"
	ProcessorCacheSize="8192"
	NumberOfLogicalCPU="8"
	NumberOfPhysicalCPU="4"
	TotalVirtualMemory="2047"
	TotalPhysicalMemory="15818"
	LogicalProcessorsPerPhysical="2"
	ProcessorClockFrequency="3499.99"
	>
	<Testing>
		<StartDateTime>Sep 29 10:26 GMT</StartDateTime>
		<StartTestTime>1695983202</StartTestTime>
		<TestList/>
		<EndDateTime>Sep 29 10:26 GMT</EndDateTime>
		<EndTestTime>1695983202</EndTestTime>
		<ElapsedMinutes>0</ElapsedMinutes>
	</Testing>
</Site>
